#
# A fatal error has been detected by the Java Runtime Environment:
#
#  SIGSEGV (0xb) at pc=0x000000011e06acdd, pid=1490, tid=0x000000000000e107
#
# JRE version: Java(TM) SE Runtime Environment (8.0_101-b13) (build 1.8.0_101-b13)
# Java VM: Java HotSpot(TM) 64-Bit Server VM (25.101-b13 mixed mode bsd-amd64 compressed oops)
# Problematic frame:
# C  [libawt_lwawt.dylib+0x1acdd]  OGLSD_SetScratchSurface+0x49
#
# Failed to write core dump. Core dumps have been disabled. To enable core dumping, try "ulimit -c unlimited" before starting Java again
#
# If you would like to submit a bug report, please visit:
#   http://bugreport.java.com/bugreport/crash.jsp
# The crash happened outside the Java Virtual Machine in native code.
# See problematic frame for where to report the bug.
#

---------------  T H R E A D  ---------------

Current thread (0x00007ffeef865800):  JavaThread "Java2D Queue Flusher" daemon [_thread_in_native, id=57607, stack(0x0000700001d7a000,0x0000700001e7a000)]

siginfo: si_signo: 11 (SIGSEGV), si_code: 1 (SEGV_MAPERR), si_addr: 0x0000000000000009

Registers:
RAX=0x00000000ffffffff, RBX=0x0000000000000009, RCX=0x0000000000000047, RDX=0x000000011e08b844
RSP=0x0000700001e79810, RBP=0x0000700001e79830, RSI=0x00007ffeeb3a9880, RDI=0x00007ffeef8659f8
R8 =0x00000000d95f9928, R9 =0x00007ffee97a6540, R10=0x0000000102efa5b8, R11=0x0000000000000020
R12=0x0000000000000000, R13=0x00000006cafddcc8, R14=0x00007ffeef8659f8, R15=0x00007ffeef865800
RIP=0x000000011e06acdd, EFLAGS=0x0000000000010206, ERR=0x0000000000000004
  TRAPNO=0x000000000000000e

Top of Stack: (sp=0x0000700001e79810)
0x0000700001e79810:   00007ffeeb3a9880 0000000000000000
0x0000700001e79820:   00007ffeef891010 00007ffeef865800
0x0000700001e79830:   0000700001e798b0 000000011e08b322
0x0000700001e79840:   0000000000000064 00007ffee97a5bc8
0x0000700001e79850:   0000700001e798b0 000000010174ea1c
0x0000700001e79860:   0000000000000005 00007ffeef865800
0x0000700001e79870:   00000006cafddc01 00007ffeef891020
0x0000700001e79880:   0000700000e79800 00007ffeef8659f8
0x0000700001e79890:   0000000000000000 0000000000000000
0x0000700001e798a0:   0000700001e79840 00007ffeef865800
0x0000700001e798b0:   0000700001e79900 0000000102efa62a
0x0000700001e798c0:   00000006ca6a76c8 0000000100000000
0x0000700001e798d0:   00007ffed984b880 0000000000000001
0x0000700001e798e0:   00000001a8dc8f00 0000000000000000
0x0000700001e798f0:   0000700001e79910 00000000d94033bd
0x0000700001e79900:   00000000d94d4ed9 000000010389df4c
0x0000700001e79910:   00000006ca6a76c8 0000000100000000
0x0000700001e79920:   00000006cafddcc8 00000006cafddcc8
0x0000700001e79930:   0000700001e79960 0000700001e799d0
0x0000700001e79940:   0000000000000001 0000000000000000
0x0000700001e79950:   0000700001e799d0 000000010239d7a7
0x0000700001e79960:   00000006cafddcc8 00000006cafddcc8
0x0000700001e79970:   0000700000001fa0 000000000000000a
0x0000700001e79980:   00007ffeef865800 0000000000000001
0x0000700001e79990:   000000010239d71f 000000011e8725c0
0x0000700001e799a0:   0000700001e79a68 0000700001e79d00
0x0000700001e799b0:   000000010000000a 000000011e8725c0
0x0000700001e799c0:   00000001023b0120 0000700001e79c70
0x0000700001e799d0:   0000700001e79b80 00000001016ecf06
0x0000700001e799e0:   0000700000000001 00007ffeef865800
0x0000700001e799f0:   00007ffeef865800 0000700001e79d00
0x0000700001e79a00:   00007ffee97a5bc0 00000001023b0120 

Instructions: (pc=0x000000011e06acdd)
0x000000011e06acbd:   c0 e9 82 00 00 00 48 8b 5e 10 48 85 db 75 0e bf
0x000000011e06accd:   01 00 00 00 48 8d 15 ef 76 03 00 eb d6 49 89 fe
0x000000011e06acdd:   4c 8b 3b 30 c0 e8 83 a3 02 00 49 8b 3f 49 89 c4
0x000000011e06aced:   48 8b 35 34 f9 05 00 30 c0 e8 cb a4 02 00 48 85 

Register to memory mapping:

RAX=0x00000000ffffffff is an unknown value
RBX=0x0000000000000009 is an unknown value
RCX=0x0000000000000047 is an unknown value
RDX=0x000000011e08b844: Java_sun_java2d_opengl_OGLRenderQueue_flushBuffer+0xb5c in /Library/Java/JavaVirtualMachines/jdk1.8.0_101.jdk/Contents/Home/jre/lib/libawt_lwawt.dylib at 0x000000011e050000
RSP=0x0000700001e79810 is pointing into the stack for thread: 0x00007ffeef865800
RBP=0x0000700001e79830 is pointing into the stack for thread: 0x00007ffeef865800
RSI=0x00007ffeeb3a9880 is an unknown value
RDI=0x00007ffeef8659f8 is an unknown value
R8 =0x00000000d95f9928 is an unknown value
R9 =0x00007ffee97a6540 is an unknown value
R10=0x0000000102efa5b8 is at entry_point+56 in (nmethod*)0x0000000102efa410
R11=0x0000000000000020 is an unknown value
R12=0x0000000000000000 is an unknown value
R13=0x00000006cafddcc8 is an oop
sun.java2d.opengl.OGLRenderQueue$QueueFlusher 
 - klass: 'sun/java2d/opengl/OGLRenderQueue$QueueFlusher'
R14=0x00007ffeef8659f8 is an unknown value
R15=0x00007ffeef865800 is a thread


Stack: [0x0000700001d7a000,0x0000700001e7a000],  sp=0x0000700001e79810,  free space=1022k
Native frames: (J=compiled Java code, j=interpreted, Vv=VM code, C=native code)
C  [libawt_lwawt.dylib+0x1acdd]  OGLSD_SetScratchSurface+0x49
C  [libawt_lwawt.dylib+0x3b322]  Java_sun_java2d_opengl_OGLRenderQueue_flushBuffer+0x63a
J 4351  sun.java2d.opengl.OGLRenderQueue.flushBuffer(JI)V (0 bytes) @ 0x0000000102efa62a [0x0000000102efa580+0xaa]
J 7991% C2 sun.java2d.opengl.OGLRenderQueue$QueueFlusher.run()V (234 bytes) @ 0x000000010389df4c [0x000000010389dca0+0x2ac]
v  ~StubRoutines::call_stub
V  [libjvm.dylib+0x2ecf06]  JavaCalls::call_helper(JavaValue*, methodHandle*, JavaCallArguments*, Thread*)+0x6ae
V  [libjvm.dylib+0x2ed694]  JavaCalls::call_virtual(JavaValue*, KlassHandle, Symbol*, Symbol*, JavaCallArguments*, Thread*)+0x164
V  [libjvm.dylib+0x2ed840]  JavaCalls::call_virtual(JavaValue*, Handle, KlassHandle, Symbol*, Symbol*, Thread*)+0x4a
V  [libjvm.dylib+0x348029]  thread_entry(JavaThread*, Thread*)+0x7c
V  [libjvm.dylib+0x5695ab]  JavaThread::thread_main_inner()+0x9b
V  [libjvm.dylib+0x56ac98]  JavaThread::run()+0x1c2
V  [libjvm.dylib+0x48933a]  java_start(Thread*)+0xf6
C  [libsystem_pthread.dylib+0x399d]  _pthread_body+0x83
C  [libsystem_pthread.dylib+0x391a]  _pthread_body+0x0
C  [libsystem_pthread.dylib+0x1351]  thread_start+0xd
C  0x0000000000000000

Java frames: (J=compiled Java code, j=interpreted, Vv=VM code)
J 4351  sun.java2d.opengl.OGLRenderQueue.flushBuffer(JI)V (0 bytes) @ 0x0000000102efa5b8 [0x0000000102efa580+0x38]
J 7991% C2 sun.java2d.opengl.OGLRenderQueue$QueueFlusher.run()V (234 bytes) @ 0x000000010389df4c [0x000000010389dca0+0x2ac]
v  ~StubRoutines::call_stub

---------------  P R O C E S S  ---------------

Java Threads: ( => current thread )
  0x00007ffeee7b6800 JavaThread "DrawAndDrop" [_thread_in_native, id=106591, stack(0x0000700001aeb000,0x0000700001beb000)]
  0x00007ffeee7b7800 JavaThread "zSelector" [_thread_blocked, id=96035, stack(0x0000700002512000,0x0000700002612000)]
  0x00007ffeeba67800 JavaThread "TimerQueue" daemon [_thread_blocked, id=74255, stack(0x000070000279b000,0x000070000289b000)]
  0x00007ffeee590000 JavaThread "DestroyJavaVM" [_thread_blocked, id=5891, stack(0x000070000011a000,0x000070000021a000)]
  0x00007ffeef527800 JavaThread "Timer-0" daemon [_thread_blocked, id=63747, stack(0x0000700002186000,0x0000700002286000)]
  0x00007ffeef4c1800 JavaThread "AWT-EventQueue-0" [_thread_blocked, id=62727, stack(0x0000700001f80000,0x0000700002080000)]
  0x00007ffeeeff5800 JavaThread "Java2D Disposer" daemon [_thread_blocked, id=61443, stack(0x0000700001e7d000,0x0000700001f7d000)]
=>0x00007ffeef865800 JavaThread "Java2D Queue Flusher" daemon [_thread_in_native, id=57607, stack(0x0000700001d7a000,0x0000700001e7a000)]
  0x00007ffeef33a000 JavaThread "AWT-Shutdown" [_thread_blocked, id=34835, stack(0x00007000019e8000,0x0000700001ae8000)]
  0x00007ffeea528800 JavaThread "AppKit Thread" daemon [_thread_in_native, id=1295, stack(0x00007fff5f312000,0x00007fff5fb12000)]
  0x00007ffeea041800 JavaThread "Service Thread" daemon [_thread_blocked, id=23043, stack(0x00007000016dc000,0x00007000017dc000)]
  0x00007ffeeb800000 JavaThread "C1 CompilerThread3" daemon [_thread_blocked, id=22531, stack(0x00007000015d9000,0x00007000016d9000)]
  0x00007ffee988e800 JavaThread "C2 CompilerThread2" daemon [_thread_blocked, id=22019, stack(0x00007000014d6000,0x00007000015d6000)]
  0x00007ffeea021000 JavaThread "C2 CompilerThread1" daemon [_thread_blocked, id=21507, stack(0x00007000013d3000,0x00007000014d3000)]
  0x00007ffeea83c800 JavaThread "C2 CompilerThread0" daemon [_thread_blocked, id=20995, stack(0x00007000012d0000,0x00007000013d0000)]
  0x00007ffeea83b800 JavaThread "Signal Dispatcher" daemon [_thread_blocked, id=20483, stack(0x00007000011cd000,0x00007000012cd000)]
  0x00007ffee988d800 JavaThread "Surrogate Locker Thread (Concurrent GC)" daemon [_thread_blocked, id=18187, stack(0x00007000010ca000,0x00007000011ca000)]
  0x00007ffee9804800 JavaThread "Finalizer" daemon [_thread_blocked, id=15875, stack(0x0000700000f44000,0x0000700001044000)]
  0x00007ffeea829000 JavaThread "Reference Handler" daemon [_thread_blocked, id=15363, stack(0x0000700000e41000,0x0000700000f41000)]

Other Threads:
  0x00007ffeea826000 VMThread [stack: 0x0000700000d3e000,0x0000700000e3e000] [id=14851]
  0x00007ffee9866000 WatcherThread [stack: 0x00007000017df000,0x00007000018df000] [id=23555]

VM state:not at safepoint (normal execution)

VM Mutex/Monitor currently owned by a thread: None

Heap:
 par new generation   total 78656K, used 53563K [0x000000069f600000, 0x00000006a4b50000, 0x00000006c8f90000)
  eden space 69952K,  64% used [0x000000069f600000, 0x00000006a2251708, 0x00000006a3a50000)
  from space 8704K,  94% used [0x00000006a42d0000, 0x00000006a4acd8b0, 0x00000006a4b50000)
  to   space 8704K,   0% used [0x00000006a3a50000, 0x00000006a3a50000, 0x00000006a42d0000)
 concurrent mark-sweep generation total 1211872K, used 727121K [0x00000006c8f90000, 0x0000000712f08000, 0x00000007c0000000)
 Metaspace       used 53475K, capacity 53948K, committed 54424K, reserved 1095680K
  class space    used 7946K, capacity 8078K, committed 8128K, reserved 1048576K

Card table byte_map: [0x000000011175d000,0x0000000112063000] byte_map_base: 0x000000010e262000

Marking Bits: (CMSBitMap*) 0x00007ffee985b548
 Bits: [0x000000011301c000, 0x0000000116dddc00)

Mod Union Table: (CMSBitMap*) 0x00007ffee985b608
 Bits: [0x0000000116dde000, 0x0000000116ed5070)

Polling page: 0x00000001003b1000

CodeCache: size=245760Kb used=23264Kb max_used=23310Kb free=222495Kb
 bounds [0x000000010239d000, 0x0000000103aad000, 0x000000011139d000]
 total_blobs=7567 nmethods=6891 adapters=585
 compilation: enabled

Compilation events (10 events):
Event: 29866.332 Thread 0x00007ffeeb800000 nmethod 8800 0x0000000102af7490 code [0x0000000102af7660, 0x0000000102af7aa8]
Event: 29866.332 Thread 0x00007ffeeb800000 8801       3       ij.gui.ProgressBar::show (7 bytes)
Event: 29866.332 Thread 0x00007ffeeb800000 nmethod 8801 0x0000000102d92450 code [0x0000000102d925c0, 0x0000000102d92768]
Event: 29866.346 Thread 0x00007ffeeb800000 8802       3       ij.gui.ImageCanvas::setShowCursorStatus (50 bytes)
Event: 29866.346 Thread 0x00007ffeeb800000 nmethod 8802 0x0000000103753650 code [0x00000001037537e0, 0x0000000103753bf0]
Event: 29866.347 Thread 0x00007ffeeb800000 8803   !   3       ij.io.ImageReader::readPixels (352 bytes)
Event: 29866.348 Thread 0x00007ffeeb800000 nmethod 8803 0x000000010269cdd0 code [0x000000010269d180, 0x000000010269e588]
Event: 29866.396 Thread 0x00007ffeeb800000 8804       3       ij.io.ImageReader::readPixels (29 bytes)
Event: 29866.414 Thread 0x00007ffeeb800000 nmethod 8804 0x0000000103753210 code [0x0000000103753380, 0x0000000103753588]
Event: 29866.416 Thread 0x00007ffeea83c800 8805       4       sun.java2d.pipe.RenderQueue::ensureAlignment (28 bytes)

GC Heap History (10 events):
Event: 29849.584 GC heap before
{Heap before GC invocations=50 (full 4):
 par new generation   total 78656K, used 75694K [0x000000069f600000, 0x00000006a4b50000, 0x00000006c8f90000)
  eden space 69952K,  96% used [0x000000069f600000, 0x00000006a3800e98, 0x00000006a3a50000)
  from space 8704K,  93% used [0x00000006a3a50000, 0x00000006a423aa10, 0x00000006a42d0000)
  to   space 8704K,   0% used [0x00000006a42d0000, 0x00000006a42d0000, 0x00000006a4b50000)
 concurrent mark-sweep generation total 706804K, used 424082K [0x00000006c8f90000, 0x00000006f41cd000, 0x00000007c0000000)
 Metaspace       used 53251K, capacity 53724K, committed 54168K, reserved 1095680K
  class space    used 7922K, capacity 8046K, committed 8128K, reserved 1048576K
Event: 29849.621 GC heap after
Heap after GC invocations=51 (full 4):
 par new generation   total 78656K, used 8182K [0x000000069f600000, 0x00000006a4b50000, 0x00000006c8f90000)
  eden space 69952K,   0% used [0x000000069f600000, 0x000000069f600000, 0x00000006a3a50000)
  from space 8704K,  94% used [0x00000006a42d0000, 0x00000006a4acd8b0, 0x00000006a4b50000)
  to   space 8704K,   0% used [0x00000006a3a50000, 0x00000006a3a50000, 0x00000006a42d0000)
 concurrent mark-sweep generation total 706804K, used 488595K [0x00000006c8f90000, 0x00000006f41cd000, 0x00000007c0000000)
 Metaspace       used 53251K, capacity 53724K, committed 54168K, reserved 1095680K
  class space    used 7922K, capacity 8046K, committed 8128K, reserved 1048576K
}
Event: 29865.994 GC heap before
{Heap before GC invocations=51 (full 5):
 par new generation   total 78656K, used 77083K [0x000000069f600000, 0x00000006a4b50000, 0x00000006c8f90000)
  eden space 69952K,  98% used [0x000000069f600000, 0x00000006a39496b8, 0x00000006a3a50000)
  from space 8704K,  94% used [0x00000006a42d0000, 0x00000006a4acd8b0, 0x00000006a4b50000)
  to   space 8704K,   0% used [0x00000006a3a50000, 0x00000006a3a50000, 0x00000006a42d0000)
 concurrent mark-sweep generation total 811264K, used 486756K [0x00000006c8f90000, 0x00000006fa7d0000, 0x00000007c0000000)
 Metaspace       used 53457K, capacity 53948K, committed 54424K, reserved 1095680K
  class space    used 7946K, capacity 8078K, committed 8128K, reserved 1048576K
Event: 29866.019 GC heap after
Heap after GC invocations=52 (full 5):
 par new generation   total 78656K, used 8703K [0x000000069f600000, 0x00000006a4b50000, 0x00000006c8f90000)
  eden space 69952K,   0% used [0x000000069f600000, 0x000000069f600000, 0x00000006a3a50000)
  from space 8704K,  99% used [0x00000006a3a50000, 0x00000006a42cfff8, 0x00000006a42d0000)
  to   space 8704K,   0% used [0x00000006a42d0000, 0x00000006a42d0000, 0x00000006a4b50000)
 concurrent mark-sweep generation total 811264K, used 536801K [0x00000006c8f90000, 0x00000006fa7d0000, 0x00000007c0000000)
 Metaspace       used 53457K, capacity 53948K, committed 54424K, reserved 1095680K
  class space    used 7946K, capacity 8078K, committed 8128K, reserved 1048576K
}
Event: 29866.113 GC heap before
{Heap before GC invocations=52 (full 5):
 par new generation   total 78656K, used 76096K [0x000000069f600000, 0x00000006a4b50000, 0x00000006c8f90000)
  eden space 69952K,  96% used [0x000000069f600000, 0x00000006a37d00d8, 0x00000006a3a50000)
  from space 8704K,  99% used [0x00000006a3a50000, 0x00000006a42cfff8, 0x00000006a42d0000)
  to   space 8704K,   0% used [0x00000006a42d0000, 0x00000006a42d0000, 0x00000006a4b50000)
 concurrent mark-sweep generation total 811264K, used 536801K [0x00000006c8f90000, 0x00000006fa7d0000, 0x00000007c0000000)
 Metaspace       used 53457K, capacity 53948K, committed 54424K, reserved 1095680K
  class space    used 7946K, capacity 8078K, committed 8128K, reserved 1048576K
Event: 29866.146 GC heap after
Heap after GC invocations=53 (full 5):
 par new generation   total 78656K, used 8318K [0x000000069f600000, 0x00000006a4b50000, 0x00000006c8f90000)
  eden space 69952K,   0% used [0x000000069f600000, 0x000000069f600000, 0x00000006a3a50000)
  from space 8704K,  95% used [0x00000006a42d0000, 0x00000006a4aefba0, 0x00000006a4b50000)
  to   space 8704K,   0% used [0x00000006a3a50000, 0x00000006a3a50000, 0x00000006a42d0000)
 concurrent mark-sweep generation total 811264K, used 601845K [0x00000006c8f90000, 0x00000006fa7d0000, 0x00000007c0000000)
 Metaspace       used 53457K, capacity 53948K, committed 54424K, reserved 1095680K
  class space    used 7946K, capacity 8078K, committed 8128K, reserved 1048576K
}
Event: 29866.237 GC heap before
{Heap before GC invocations=53 (full 6):
 par new generation   total 78656K, used 78258K [0x000000069f600000, 0x00000006a4b50000, 0x00000006c8f90000)
  eden space 69952K,  99% used [0x000000069f600000, 0x00000006a3a4cd38, 0x00000006a3a50000)
  from space 8704K,  95% used [0x00000006a42d0000, 0x00000006a4aefba0, 0x00000006a4b50000)
  to   space 8704K,   0% used [0x00000006a3a50000, 0x00000006a3a50000, 0x00000006a42d0000)
 concurrent mark-sweep generation total 811264K, used 601845K [0x00000006c8f90000, 0x00000006fa7d0000, 0x00000007c0000000)
 Metaspace       used 53459K, capacity 53948K, committed 54424K, reserved 1095680K
  class space    used 7946K, capacity 8078K, committed 8128K, reserved 1048576K
Event: 29866.273 GC heap after
Heap after GC invocations=54 (full 6):
 par new generation   total 78656K, used 8108K [0x000000069f600000, 0x00000006a4b50000, 0x00000006c8f90000)
  eden space 69952K,   0% used [0x000000069f600000, 0x000000069f600000, 0x00000006a3a50000)
  from space 8704K,  93% used [0x00000006a3a50000, 0x00000006a423b0b8, 0x00000006a42d0000)
  to   space 8704K,   0% used [0x00000006a42d0000, 0x00000006a42d0000, 0x00000006a4b50000)
 concurrent mark-sweep generation total 811264K, used 669046K [0x00000006c8f90000, 0x00000006fa7d0000, 0x00000007c0000000)
 Metaspace       used 53459K, capacity 53948K, committed 54424K, reserved 1095680K
  class space    used 7946K, capacity 8078K, committed 8128K, reserved 1048576K
}
Event: 29866.361 GC heap before
{Heap before GC invocations=54 (full 6):
 par new generation   total 78656K, used 76084K [0x000000069f600000, 0x00000006a4b50000, 0x00000006c8f90000)
  eden space 69952K,  97% used [0x000000069f600000, 0x00000006a38621e0, 0x00000006a3a50000)
  from space 8704K,  93% used [0x00000006a3a50000, 0x00000006a423b0b8, 0x00000006a42d0000)
  to   space 8704K,   0% used [0x00000006a42d0000, 0x00000006a42d0000, 0x00000006a4b50000)
 concurrent mark-sweep generation total 811264K, used 669046K [0x00000006c8f90000, 0x00000006fa7d0000, 0x00000007c0000000)
 Metaspace       used 53474K, capacity 53948K, committed 54424K, reserved 1095680K
  class space    used 7946K, capacity 8078K, committed 8128K, reserved 1048576K
Event: 29866.396 GC heap after
Heap after GC invocations=55 (full 6):
 par new generation   total 78656K, used 8182K [0x000000069f600000, 0x00000006a4b50000, 0x00000006c8f90000)
  eden space 69952K,   0% used [0x000000069f600000, 0x000000069f600000, 0x00000006a3a50000)
  from space 8704K,  94% used [0x00000006a42d0000, 0x00000006a4acd8b0, 0x00000006a4b50000)
  to   space 8704K,   0% used [0x00000006a3a50000, 0x00000006a3a50000, 0x00000006a42d0000)
 concurrent mark-sweep generation total 811264K, used 733559K [0x00000006c8f90000, 0x00000006fa7d0000, 0x00000007c0000000)
 Metaspace       used 53474K, capacity 53948K, committed 54424K, reserved 1095680K
  class space    used 7946K, capacity 8078K, committed 8128K, reserved 1048576K
}

Deoptimization events (10 events):
Event: 29849.694 Thread 0x00007ffeef4c1800 Uncommon trap: reason=unstable_if action=reinterpret pc=0x00000001035b6628 method=sun.java2d.pipe.Region.getIntersectionXYXY(IIII)Lsun/java2d/pipe/Region; @ 23
Event: 29849.695 Thread 0x00007ffeef4c1800 Uncommon trap: reason=unstable_if action=reinterpret pc=0x00000001038a1368 method=sun.java2d.pipe.Region.getIntersectionXYXY(IIII)Lsun/java2d/pipe/Region; @ 93
Event: 29849.695 Thread 0x00007ffeef4c1800 Uncommon trap: reason=unstable_if action=reinterpret pc=0x0000000102bd5e24 method=sun.java2d.pipe.Region.appendSpan([I)V @ 44
Event: 29849.695 Thread 0x00007ffeef4c1800 Uncommon trap: reason=unstable_if action=reinterpret pc=0x0000000103904668 method=sun.java2d.pipe.Region.getIntersection(Lsun/java2d/pipe/Region;)Lsun/java2d/pipe/Region; @ 15
Event: 29850.137 Thread 0x00007ffeef4c1800 Uncommon trap: reason=unstable_if action=reinterpret pc=0x0000000102c9bb90 method=java.lang.ref.SoftReference.get()Ljava/lang/Object; @ 6
Event: 29851.037 Thread 0x00007ffeef4c1800 Uncommon trap: reason=null_check action=make_not_entrant pc=0x0000000102eddf60 method=java.lang.Class.reflectionData()Ljava/lang/Class$ReflectionData; @ 24
Event: 29851.037 Thread 0x00007ffeef4c1800 Uncommon trap: reason=null_check action=make_not_entrant pc=0x000000010255bdbc method=java.lang.Class.reflectionData()Ljava/lang/Class$ReflectionData; @ 24
Event: 29854.219 Thread 0x00007ffeef4c1800 Uncommon trap: reason=unstable_if action=reinterpret pc=0x00000001027067f8 method=ij.process.ShortProcessor.create8BitImage()[B @ 93
Event: 29865.928 Thread 0x00007ffeef4c1800 Uncommon trap: reason=array_check action=maybe_recompile pc=0x000000010261a108 method=java.util.AbstractCollection.toArray([Ljava/lang/Object;)[Ljava/lang/Object; @ 119
Event: 29865.929 Thread 0x00007ffeef4c1800 Uncommon trap: reason=unstable_if action=reinterpret pc=0x0000000103a6ea84 method=java.awt.datatransfer.DataFlavor.equals(Ljava/awt/datatransfer/DataFlavor;)Z @ 70

Internal exceptions (10 events):
Event: 28909.091 Thread 0x00007ffeef4c1800 Implicit null exception at 0x000000010290c890 to 0x000000010290c8e1
Event: 28909.091 Thread 0x00007ffeef4c1800 Implicit null exception at 0x0000000102f5b492 to 0x0000000102f5b545
Event: 28909.091 Thread 0x00007ffeef4c1800 Implicit null exception at 0x000000010390fa13 to 0x000000010390fbe5
Event: 28909.091 Thread 0x00007ffeef4c1800 Implicit null exception at 0x0000000103931a93 to 0x0000000103932224
Event: 28909.091 Thread 0x00007ffeef4c1800 Implicit null exception at 0x0000000103910d02 to 0x000000010391118d
Event: 29849.641 Thread 0x00007ffeeac7d000 Exception <a 'java/lang/ClassCastException': java.awt.MenuItem cannot be cast to java.awt.CheckboxMenuItem> (0x000000069f8b11a0) thrown at [/HUDSON3/workspace/8-2-build-macosx-x86_64/jdk8u101/7261/hotspot/src/share/vm/interpreter/interpreterRuntime.cpp, l
Event: 29849.685 Thread 0x00007ffeeac7d000 Implicit null exception at 0x0000000102cca583 to 0x0000000102cd26f5
Event: 29850.137 Thread 0x00007ffeef4c1800 Implicit null exception at 0x0000000102c9b6c1 to 0x0000000102c9bb75
Event: 29851.037 Thread 0x00007ffeef4c1800 Implicit null exception at 0x0000000102edcf46 to 0x0000000102eddf41
Event: 29851.037 Thread 0x00007ffeef4c1800 Implicit null exception at 0x000000010255b805 to 0x000000010255bda5

Events (10 events):
Event: 29866.273 Executing VM operation: GenCollectForAllocation done
Event: 29866.329 Thread 0x00007ffeeb800000 flushing nmethod 0x0000000102d7f210
Event: 29866.329 Thread 0x00007ffeeb800000 flushing nmethod 0x0000000102d92350
Event: 29866.332 Thread 0x00007ffeeb800000 flushing nmethod 0x0000000102fb2850
Event: 29866.332 Thread 0x00007ffeeb800000 flushing nmethod 0x0000000102fb2fd0
Event: 29866.332 Thread 0x00007ffeeb800000 flushing nmethod 0x0000000102ff7690
Event: 29866.361 Executing VM operation: GenCollectForAllocation
Event: 29866.396 Executing VM operation: GenCollectForAllocation done
Event: 29866.396 Executing VM operation: CMS_Final_Remark
Event: 29866.414 Executing VM operation: CMS_Final_Remark done


Dynamic libraries:
0x0000000006a31000 	/System/Library/Frameworks/Cocoa.framework/Versions/A/Cocoa
0x0000000006a31000 	/System/Library/Frameworks/Security.framework/Versions/A/Security
0x0000000006a31000 	/System/Library/Frameworks/ApplicationServices.framework/Versions/A/ApplicationServices
0x0000000006a31000 	/usr/lib/libz.1.dylib
0x0000000006a31000 	/usr/lib/libSystem.B.dylib
0x0000000006a31000 	/usr/lib/libobjc.A.dylib
0x0000000006a31000 	/System/Library/Frameworks/CoreFoundation.framework/Versions/A/CoreFoundation
0x0000000006a31000 	/System/Library/Frameworks/Foundation.framework/Versions/C/Foundation
0x0000000006a31000 	/System/Library/Frameworks/AppKit.framework/Versions/C/AppKit
0x0000000006a31000 	/System/Library/Frameworks/CoreData.framework/Versions/A/CoreData
0x0000000006a31000 	/System/Library/PrivateFrameworks/RemoteViewServices.framework/Versions/A/RemoteViewServices
0x0000000006a31000 	/System/Library/PrivateFrameworks/UIFoundation.framework/Versions/A/UIFoundation
0x0000000006a31000 	/usr/lib/libScreenReader.dylib
0x0000000006a31000 	/System/Library/Frameworks/Accelerate.framework/Versions/A/Accelerate
0x0000000006a31000 	/System/Library/Frameworks/IOSurface.framework/Versions/A/IOSurface
0x0000000006a31000 	/System/Library/Frameworks/AudioToolbox.framework/Versions/A/AudioToolbox
0x0000000006a31000 	/System/Library/Frameworks/AudioUnit.framework/Versions/A/AudioUnit
0x0000000006a31000 	/System/Library/PrivateFrameworks/DataDetectorsCore.framework/Versions/A/DataDetectorsCore
0x0000000006a31000 	/System/Library/PrivateFrameworks/DesktopServicesPriv.framework/Versions/A/DesktopServicesPriv
0x0000000006a31000 	/System/Library/Frameworks/Carbon.framework/Versions/A/Frameworks/HIToolbox.framework/Versions/A/HIToolbox
0x0000000006a31000 	/System/Library/Frameworks/QuartzCore.framework/Versions/A/QuartzCore
0x0000000006a31000 	/System/Library/Frameworks/Carbon.framework/Versions/A/Frameworks/SpeechRecognition.framework/Versions/A/SpeechRecognition
0x0000000006a31000 	/usr/lib/libauto.dylib
0x0000000006a31000 	/usr/lib/libicucore.A.dylib
0x0000000006a31000 	/usr/lib/libxml2.2.dylib
0x0000000006a31000 	/System/Library/PrivateFrameworks/CoreUI.framework/Versions/A/CoreUI
0x0000000006a31000 	/System/Library/Frameworks/CoreAudio.framework/Versions/A/CoreAudio
0x0000000006a31000 	/System/Library/Frameworks/DiskArbitration.framework/Versions/A/DiskArbitration
0x0000000006a31000 	/usr/lib/liblangid.dylib
0x0000000006a31000 	/System/Library/PrivateFrameworks/MultitouchSupport.framework/Versions/A/MultitouchSupport
0x0000000006a31000 	/System/Library/Frameworks/IOKit.framework/Versions/A/IOKit
0x0000000006a31000 	/usr/lib/libDiagnosticMessagesClient.dylib
0x0000000006a31000 	/System/Library/Frameworks/CoreServices.framework/Versions/A/CoreServices
0x0000000006a31000 	/System/Library/PrivateFrameworks/PerformanceAnalysis.framework/Versions/A/PerformanceAnalysis
0x0000000006a31000 	/System/Library/PrivateFrameworks/GenerationalStorage.framework/Versions/A/GenerationalStorage
0x0000000006a31000 	/System/Library/Frameworks/OpenGL.framework/Versions/A/OpenGL
0x0000000006a31000 	/System/Library/PrivateFrameworks/Sharing.framework/Versions/A/Sharing
0x0000000006a31000 	/System/Library/Frameworks/CoreGraphics.framework/Versions/A/CoreGraphics
0x0000000006a31000 	/System/Library/Frameworks/CoreImage.framework/Versions/A/CoreImage
0x0000000006a31000 	/System/Library/Frameworks/CoreText.framework/Versions/A/CoreText
0x0000000006a31000 	/System/Library/Frameworks/ImageIO.framework/Versions/A/ImageIO
0x0000000006a31000 	/System/Library/PrivateFrameworks/Backup.framework/Versions/A/Backup
0x0000000006a31000 	/usr/lib/libextension.dylib
0x0000000006a31000 	/usr/lib/libarchive.2.dylib
0x0000000006a31000 	/System/Library/Frameworks/CFNetwork.framework/Versions/A/CFNetwork
0x0000000006a31000 	/System/Library/Frameworks/SystemConfiguration.framework/Versions/A/SystemConfiguration
0x0000000006a31000 	/usr/lib/libCRFSuite.dylib
0x0000000006a31000 	/usr/lib/libc++.1.dylib
0x0000000006a31000 	/usr/lib/libc++abi.dylib
0x0000000006a31000 	/usr/lib/system/libcache.dylib
0x0000000006a31000 	/usr/lib/system/libcommonCrypto.dylib
0x0000000006a31000 	/usr/lib/system/libcompiler_rt.dylib
0x0000000006a31000 	/usr/lib/system/libcopyfile.dylib
0x0000000006a31000 	/usr/lib/system/libcorecrypto.dylib
0x0000000006a31000 	/usr/lib/system/libdispatch.dylib
0x0000000006a31000 	/usr/lib/system/libdyld.dylib
0x0000000006a31000 	/usr/lib/system/libkeymgr.dylib
0x0000000006a31000 	/usr/lib/system/liblaunch.dylib
0x0000000006a31000 	/usr/lib/system/libmacho.dylib
0x0000000006a31000 	/usr/lib/system/libquarantine.dylib
0x0000000006a31000 	/usr/lib/system/libremovefile.dylib
0x0000000006a31000 	/usr/lib/system/libsystem_asl.dylib
0x0000000006a31000 	/usr/lib/system/libsystem_blocks.dylib
0x0000000006a31000 	/usr/lib/system/libsystem_c.dylib
0x0000000006a31000 	/usr/lib/system/libsystem_configuration.dylib
0x0000000006a31000 	/usr/lib/system/libsystem_coreservices.dylib
0x0000000006a31000 	/usr/lib/system/libsystem_coretls.dylib
0x0000000006a31000 	/usr/lib/system/libsystem_dnssd.dylib
0x0000000006a31000 	/usr/lib/system/libsystem_info.dylib
0x0000000006a31000 	/usr/lib/system/libsystem_kernel.dylib
0x0000000006a31000 	/usr/lib/system/libsystem_m.dylib
0x0000000006a31000 	/usr/lib/system/libsystem_malloc.dylib
0x0000000006a31000 	/usr/lib/system/libsystem_network.dylib
0x0000000006a31000 	/usr/lib/system/libsystem_networkextension.dylib
0x0000000006a31000 	/usr/lib/system/libsystem_notify.dylib
0x0000000006a31000 	/usr/lib/system/libsystem_platform.dylib
0x0000000006a31000 	/usr/lib/system/libsystem_pthread.dylib
0x0000000006a31000 	/usr/lib/system/libsystem_sandbox.dylib
0x0000000006a31000 	/usr/lib/system/libsystem_secinit.dylib
0x0000000006a31000 	/usr/lib/system/libsystem_trace.dylib
0x0000000006a31000 	/usr/lib/system/libunc.dylib
0x0000000006a31000 	/usr/lib/system/libunwind.dylib
0x0000000006a31000 	/usr/lib/system/libxpc.dylib
0x0000000006a31000 	/usr/lib/libenergytrace.dylib
0x0000000006a31000 	/usr/lib/libbsm.0.dylib
0x0000000006a31000 	/usr/lib/system/libkxld.dylib
0x0000000006a31000 	/usr/lib/libxar.1.dylib
0x0000000006a31000 	/usr/lib/libsqlite3.dylib
0x0000000006a31000 	/usr/lib/libpam.2.dylib
0x0000000006a31000 	/usr/lib/libOpenScriptingUtil.dylib
0x0000000006a31000 	/usr/lib/libbz2.1.0.dylib
0x0000000006a31000 	/usr/lib/liblzma.5.dylib
0x0000000006a31000 	/System/Library/Frameworks/CoreServices.framework/Versions/A/Frameworks/FSEvents.framework/Versions/A/FSEvents
0x0000000006a31000 	/System/Library/Frameworks/CoreServices.framework/Versions/A/Frameworks/CarbonCore.framework/Versions/A/CarbonCore
0x0000000006a31000 	/System/Library/Frameworks/CoreServices.framework/Versions/A/Frameworks/Metadata.framework/Versions/A/Metadata
0x0000000006a31000 	/System/Library/Frameworks/CoreServices.framework/Versions/A/Frameworks/OSServices.framework/Versions/A/OSServices
0x0000000006a31000 	/System/Library/Frameworks/CoreServices.framework/Versions/A/Frameworks/SearchKit.framework/Versions/A/SearchKit
0x0000000006a31000 	/System/Library/Frameworks/CoreServices.framework/Versions/A/Frameworks/AE.framework/Versions/A/AE
0x0000000006a31000 	/System/Library/Frameworks/CoreServices.framework/Versions/A/Frameworks/LaunchServices.framework/Versions/A/LaunchServices
0x0000000006a31000 	/System/Library/Frameworks/CoreServices.framework/Versions/A/Frameworks/DictionaryServices.framework/Versions/A/DictionaryServices
0x0000000006a31000 	/System/Library/Frameworks/CoreServices.framework/Versions/A/Frameworks/SharedFileList.framework/Versions/A/SharedFileList
0x0000000006a31000 	/System/Library/Frameworks/NetFS.framework/Versions/A/NetFS
0x0000000006a31000 	/System/Library/PrivateFrameworks/NetAuth.framework/Versions/A/NetAuth
0x0000000006a31000 	/System/Library/PrivateFrameworks/login.framework/Versions/A/Frameworks/loginsupport.framework/Versions/A/loginsupport
0x0000000006a31000 	/System/Library/PrivateFrameworks/TCC.framework/Versions/A/TCC
0x0000000006a31000 	/usr/lib/libmecabra.dylib
0x0000000006a31000 	/System/Library/Frameworks/ApplicationServices.framework/Versions/A/Frameworks/ATS.framework/Versions/A/ATS
0x0000000006a31000 	/System/Library/Frameworks/ApplicationServices.framework/Versions/A/Frameworks/ColorSync.framework/Versions/A/ColorSync
0x0000000006a31000 	/System/Library/Frameworks/ApplicationServices.framework/Versions/A/Frameworks/HIServices.framework/Versions/A/HIServices
0x0000000006a31000 	/System/Library/Frameworks/ApplicationServices.framework/Versions/A/Frameworks/LangAnalysis.framework/Versions/A/LangAnalysis
0x0000000006a31000 	/System/Library/Frameworks/ApplicationServices.framework/Versions/A/Frameworks/PrintCore.framework/Versions/A/PrintCore
0x0000000006a31000 	/System/Library/Frameworks/ApplicationServices.framework/Versions/A/Frameworks/QD.framework/Versions/A/QD
0x0000000006a31000 	/System/Library/Frameworks/ApplicationServices.framework/Versions/A/Frameworks/SpeechSynthesis.framework/Versions/A/SpeechSynthesis
0x0000000006a31000 	/System/Library/Frameworks/Metal.framework/Versions/A/Metal
0x0000000006a31000 	/System/Library/Frameworks/Accelerate.framework/Versions/A/Frameworks/vImage.framework/Versions/A/vImage
0x0000000006a31000 	/System/Library/Frameworks/Accelerate.framework/Versions/A/Frameworks/vecLib.framework/Versions/A/vecLib
0x0000000006a31000 	/System/Library/Frameworks/Accelerate.framework/Versions/A/Frameworks/vecLib.framework/Versions/A/libvDSP.dylib
0x0000000006a31000 	/System/Library/Frameworks/Accelerate.framework/Versions/A/Frameworks/vecLib.framework/Versions/A/libvMisc.dylib
0x0000000006a31000 	/System/Library/Frameworks/Accelerate.framework/Versions/A/Frameworks/vecLib.framework/Versions/A/libLAPACK.dylib
0x0000000006a31000 	/System/Library/Frameworks/Accelerate.framework/Versions/A/Frameworks/vecLib.framework/Versions/A/libBLAS.dylib
0x0000000006a31000 	/System/Library/Frameworks/Accelerate.framework/Versions/A/Frameworks/vecLib.framework/Versions/A/libLinearAlgebra.dylib
0x0000000006a31000 	/System/Library/Frameworks/Accelerate.framework/Versions/A/Frameworks/vecLib.framework/Versions/A/libSparseBLAS.dylib
0x0000000006a31000 	/System/Library/PrivateFrameworks/GPUCompiler.framework/libmetal_timestamp.dylib
0x0000000006a31000 	/System/Library/Frameworks/OpenGL.framework/Versions/A/Libraries/libCoreFSCache.dylib
0x0000000006a31000 	/System/Library/PrivateFrameworks/IOAccelerator.framework/Versions/A/IOAccelerator
0x0000000006a31000 	/System/Library/Frameworks/ApplicationServices.framework/Versions/A/Frameworks/ATS.framework/Versions/A/Resources/libFontParser.dylib
0x0000000006a31000 	/System/Library/Frameworks/ApplicationServices.framework/Versions/A/Frameworks/ATS.framework/Versions/A/Resources/libFontRegistry.dylib
0x0000000006a31000 	/System/Library/PrivateFrameworks/AppleVPA.framework/Versions/A/AppleVPA
0x0000000006a31000 	/System/Library/PrivateFrameworks/AppleJPEG.framework/Versions/A/AppleJPEG
0x0000000006a31000 	/System/Library/Frameworks/ImageIO.framework/Versions/A/Resources/libJPEG.dylib
0x0000000006a31000 	/System/Library/Frameworks/ImageIO.framework/Versions/A/Resources/libTIFF.dylib
0x0000000006a31000 	/System/Library/Frameworks/ImageIO.framework/Versions/A/Resources/libPng.dylib
0x0000000006a31000 	/System/Library/Frameworks/ImageIO.framework/Versions/A/Resources/libGIF.dylib
0x0000000006a31000 	/System/Library/Frameworks/ImageIO.framework/Versions/A/Resources/libJP2.dylib
0x0000000006a31000 	/System/Library/Frameworks/ImageIO.framework/Versions/A/Resources/libRadiance.dylib
0x0000000006a31000 	/System/Library/Frameworks/CoreVideo.framework/Versions/A/CoreVideo
0x0000000006a31000 	/System/Library/Frameworks/OpenGL.framework/Versions/A/Libraries/libGLU.dylib
0x0000000006a31000 	/System/Library/Frameworks/OpenGL.framework/Versions/A/Libraries/libGFXShared.dylib
0x0000000006a31000 	/System/Library/Frameworks/OpenGL.framework/Versions/A/Libraries/libGL.dylib
0x0000000006a31000 	/System/Library/Frameworks/OpenGL.framework/Versions/A/Libraries/libGLImage.dylib
0x0000000006a31000 	/System/Library/Frameworks/OpenGL.framework/Versions/A/Libraries/libCVMSPluginSupport.dylib
0x0000000006a31000 	/System/Library/Frameworks/OpenGL.framework/Versions/A/Libraries/libCoreVMClient.dylib
0x0000000006a31000 	/usr/lib/libcompression.dylib
0x0000000006a31000 	/usr/lib/libcups.2.dylib
0x0000000006a31000 	/System/Library/Frameworks/Kerberos.framework/Versions/A/Kerberos
0x0000000006a31000 	/System/Library/Frameworks/GSS.framework/Versions/A/GSS
0x0000000006a31000 	/usr/lib/libresolv.9.dylib
0x0000000006a31000 	/usr/lib/libiconv.2.dylib
0x0000000006a31000 	/System/Library/PrivateFrameworks/Heimdal.framework/Versions/A/Heimdal
0x0000000006a31000 	/usr/lib/libheimdal-asn1.dylib
0x0000000006a31000 	/System/Library/Frameworks/OpenDirectory.framework/Versions/A/OpenDirectory
0x0000000006a31000 	/System/Library/PrivateFrameworks/CommonAuth.framework/Versions/A/CommonAuth
0x0000000006a31000 	/System/Library/Frameworks/OpenDirectory.framework/Versions/A/Frameworks/CFOpenDirectory.framework/Versions/A/CFOpenDirectory
0x0000000006a31000 	/System/Library/Frameworks/SecurityFoundation.framework/Versions/A/SecurityFoundation
0x0000000006a31000 	/System/Library/PrivateFrameworks/LanguageModeling.framework/Versions/A/LanguageModeling
0x0000000006a31000 	/usr/lib/libmarisa.dylib
0x0000000006a31000 	/usr/lib/libChineseTokenizer.dylib
0x0000000006a31000 	/usr/lib/libcmph.dylib
0x0000000006a31000 	/System/Library/Frameworks/ServiceManagement.framework/Versions/A/ServiceManagement
0x0000000006a31000 	/usr/lib/libxslt.1.dylib
0x0000000006a31000 	/System/Library/Frameworks/Carbon.framework/Versions/A/Frameworks/Ink.framework/Versions/A/Ink
0x0000000006a31000 	/usr/lib/libFosl_dynamic.dylib
0x0000000006a31000 	/System/Library/PrivateFrameworks/FaceCore.framework/Versions/A/FaceCore
0x0000000006a31000 	/System/Library/Frameworks/OpenCL.framework/Versions/A/OpenCL
0x0000000006a31000 	/System/Library/PrivateFrameworks/CrashReporterSupport.framework/Versions/A/CrashReporterSupport
0x0000000006a31000 	/System/Library/PrivateFrameworks/IconServices.framework/Versions/A/IconServices
0x0000000006a31000 	/System/Library/PrivateFrameworks/Apple80211.framework/Versions/A/Apple80211
0x0000000006a31000 	/System/Library/Frameworks/CoreWLAN.framework/Versions/A/CoreWLAN
0x0000000006a31000 	/System/Library/Frameworks/IOBluetooth.framework/Versions/A/IOBluetooth
0x0000000006a31000 	/System/Library/PrivateFrameworks/CoreWiFi.framework/Versions/A/CoreWiFi
0x0000000006a31000 	/System/Library/Frameworks/CoreBluetooth.framework/Versions/A/CoreBluetooth
0x0000000006a31000 	/System/Library/PrivateFrameworks/ChunkingLibrary.framework/Versions/A/ChunkingLibrary
0x0000000006a31000 	/System/Library/PrivateFrameworks/DebugSymbols.framework/Versions/A/DebugSymbols
0x0000000006a31000 	/System/Library/PrivateFrameworks/CoreSymbolication.framework/Versions/A/CoreSymbolication
0x0000000006a31000 	/System/Library/PrivateFrameworks/Symbolication.framework/Versions/A/Symbolication
0x0000000006a31000 	/System/Library/PrivateFrameworks/SpeechRecognitionCore.framework/Versions/A/SpeechRecognitionCore
0x0000000101400000 	/Library/Java/JavaVirtualMachines/jdk1.8.0_101.jdk/Contents/Home/jre/lib/server/libjvm.dylib
0x0000000006a31000 	/usr/lib/libstdc++.6.dylib
0x000000010036e000 	/Library/Java/JavaVirtualMachines/jdk1.8.0_101.jdk/Contents/Home/jre/lib/libverify.dylib
0x000000010037c000 	/Library/Java/JavaVirtualMachines/jdk1.8.0_101.jdk/Contents/Home/jre/lib/libjava.dylib
0x00000001003bb000 	/Library/Java/JavaVirtualMachines/jdk1.8.0_101.jdk/Contents/Home/jre/lib/libzip.dylib
0x000000011a4bc000 	/System/Library/Frameworks/JavaVM.framework/Frameworks/JavaRuntimeSupport.framework/JavaRuntimeSupport
0x000000011a4d7000 	/System/Library/Frameworks/JavaVM.framework/Versions/A/Frameworks/JavaNativeFoundation.framework/Versions/A/JavaNativeFoundation
0x00000001003ed000 	/System/Library/Frameworks/JavaVM.framework/Versions/A/JavaVM
0x0000000006a31000 	/System/Library/Frameworks/Carbon.framework/Versions/A/Carbon
0x000000011a4ec000 	/System/Library/PrivateFrameworks/JavaLaunching.framework/Versions/A/JavaLaunching
0x0000000006a31000 	/System/Library/Frameworks/Carbon.framework/Versions/A/Frameworks/CommonPanels.framework/Versions/A/CommonPanels
0x0000000006a31000 	/System/Library/Frameworks/Carbon.framework/Versions/A/Frameworks/Help.framework/Versions/A/Help
0x0000000006a31000 	/System/Library/Frameworks/Carbon.framework/Versions/A/Frameworks/ImageCapture.framework/Versions/A/ImageCapture
0x0000000006a31000 	/System/Library/Frameworks/Carbon.framework/Versions/A/Frameworks/OpenScripting.framework/Versions/A/OpenScripting
0x0000000006a31000 	/System/Library/Frameworks/Carbon.framework/Versions/A/Frameworks/Print.framework/Versions/A/Print
0x0000000006a31000 	/System/Library/Frameworks/Carbon.framework/Versions/A/Frameworks/SecurityHI.framework/Versions/A/SecurityHI
0x000000011c37a000 	/Library/Java/JavaVirtualMachines/jdk1.8.0_101.jdk/Contents/Home/jre/lib/libnet.dylib
0x000000011deea000 	/Library/Java/JavaVirtualMachines/jdk1.8.0_101.jdk/Contents/Home/jre/lib/libawt.dylib
0x000000011e32f000 	/Library/Java/JavaVirtualMachines/jdk1.8.0_101.jdk/Contents/Home/jre/lib/./libmlib_image.dylib
0x000000011e050000 	/Library/Java/JavaVirtualMachines/jdk1.8.0_101.jdk/Contents/Home/jre/lib/libawt_lwawt.dylib
0x000000011ccc1000 	/Library/Java/JavaVirtualMachines/jdk1.8.0_101.jdk/Contents/Home/jre/lib/./libosxapp.dylib
0x0000000006a31000 	/System/Library/Frameworks/ExceptionHandling.framework/Versions/A/ExceptionHandling
0x0000000006a31000 	/System/Library/PrivateFrameworks/CoreServicesInternal.framework/Versions/A/CoreServicesInternal
0x0000000006a31000 	/System/Library/CoreServices/RawCamera.bundle/Contents/MacOS/RawCamera
0x0000000006a31000 	/System/Library/Frameworks/CoreGraphics.framework/Versions/A/Resources/libRIP.A.dylib
0x0000000006a31000 	/System/Library/Frameworks/Accelerate.framework/Versions/A/Frameworks/vImage.framework/Versions/A/Libraries/libCGInterfaces.dylib
0x0000000006a31000 	/System/Library/Frameworks/CoreGraphics.framework/Versions/A/Resources/libCGXType.A.dylib
0x0000000006a31000 	/System/Library/Frameworks/OpenCL.framework/Versions/A/Libraries/libcldcpuengine.dylib
0x0000000006a31000 	/System/Library/PrivateFrameworks/DiskImages.framework/Versions/A/DiskImages
0x0000000006a31000 	/System/Library/Frameworks/DiscRecording.framework/Versions/A/DiscRecording
0x0000000006a31000 	/usr/lib/libcsfde.dylib
0x0000000006a31000 	/usr/lib/libcurl.4.dylib
0x0000000006a31000 	/System/Library/PrivateFrameworks/MediaKit.framework/Versions/A/MediaKit
0x0000000006a31000 	/System/Library/PrivateFrameworks/ProtectedCloudStorage.framework/Versions/A/ProtectedCloudStorage
0x0000000006a31000 	/usr/lib/libCoreStorage.dylib
0x0000000006a31000 	/System/Library/PrivateFrameworks/EFILogin.framework/Versions/A/EFILogin
0x0000000006a31000 	/usr/lib/libutil.dylib
0x0000000006a31000 	/System/Library/PrivateFrameworks/FindMyDevice.framework/Versions/A/FindMyDevice
0x0000000006a31000 	/System/Library/Frameworks/LDAP.framework/Versions/A/LDAP
0x0000000006a31000 	/usr/lib/libsasl2.2.dylib
0x0000000006a31000 	/System/Library/PrivateFrameworks/CoreDaemon.framework/Versions/B/CoreDaemon
0x0000000006a31000 	/usr/lib/libcrypto.0.9.8.dylib
0x0000000006a31000 	/System/Library/PrivateFrameworks/AppleSRP.framework/Versions/A/AppleSRP
0x0000000006a31000 	/System/Library/PrivateFrameworks/TrustEvaluationAgent.framework/Versions/A/TrustEvaluationAgent
0x000000011cc72000 	cl_kernels
0x0000000006a31000 	/System/Library/Frameworks/OpenCL.framework/Versions/A/Libraries/ImageFormats/unorm8_bgra.dylib
0x0000000006a31000 	/System/Library/Frameworks/OpenCL.framework/Versions/A/Libraries/ImageFormats/unorm8_rgba.dylib
0x0000000006a31000 	/System/Library/PrivateFrameworks/FamilyControls.framework/Versions/A/FamilyControls
0x0000000006a31000 	/System/Library/PrivateFrameworks/CommerceKit.framework/Versions/A/Frameworks/CommerceCore.framework/Versions/A/CommerceCore
0x0000000006a31000 	/System/Library/PrivateFrameworks/SystemAdministration.framework/Versions/A/SystemAdministration
0x0000000006a31000 	/System/Library/PrivateFrameworks/AppContainer.framework/Versions/A/AppContainer
0x0000000006a31000 	/System/Library/PrivateFrameworks/SecCodeWrapper.framework/Versions/A/SecCodeWrapper
0x0000000006a31000 	/System/Library/Frameworks/DirectoryService.framework/Versions/A/DirectoryService
0x0000000006a31000 	/System/Library/PrivateFrameworks/LoginUIKit.framework/Versions/A/Frameworks/LoginUICore.framework/Versions/A/LoginUICore
0x0000000006a31000 	/usr/lib/libodfde.dylib
0x0000000006a31000 	/System/Library/Frameworks/OpenGL.framework/Versions/A/Resources/GLEngine.bundle/GLEngine
0x0000000006a31000 	/System/Library/Frameworks/OpenGL.framework/Versions/A/Libraries/libGLProgrammability.dylib
0x0000000121c97000 	/System/Library/Extensions/AppleIntelHD5000GraphicsGLDriver.bundle/Contents/MacOS/AppleIntelHD5000GraphicsGLDriver
0x0000000006a31000 	/System/Library/PrivateFrameworks/GPUSupport.framework/Versions/A/Libraries/libGPUSupportMercury.dylib
0x0000000006a31000 	/System/Library/Extensions/GeForceGLDriver.bundle/Contents/MacOS/GeForceGLDriver
0x0000000006a31000 	/System/Library/Extensions/GeForceGLDriver.bundle/Contents/MacOS/libclh.dylib
0x0000000006a31000 	/System/Library/Frameworks/OpenGL.framework/Versions/A/Resources/GLRendererFloat.bundle/GLRendererFloat
0x0000000120613000 	/Library/Java/JavaVirtualMachines/jdk1.8.0_101.jdk/Contents/Home/jre/lib/libfontmanager.dylib
0x000000011c9bc000 	/Library/Java/JavaVirtualMachines/jdk1.8.0_101.jdk/Contents/Home/jre/lib/libosxui.dylib
0x000000011c98d000 	/Library/Java/JavaVirtualMachines/jdk1.8.0_101.jdk/Contents/Home/jre/lib/libosx.dylib
0x000000011dfd3000 	/Library/Java/JavaVirtualMachines/jdk1.8.0_101.jdk/Contents/Home/jre/lib/libnio.dylib
0x0000000006a31000 	/System/Library/Frameworks/ApplicationServices.framework/Versions/A/Frameworks/ATS.framework/Versions/A/Resources/libTrueTypeScaler.dylib
0x0000000196c9e000 	/System/Library/Extensions/GeForceMTLDriver.bundle/Contents/MacOS/GeForceMTLDriver
0x0000000196de6000 	/System/Library/Extensions/AppleIntelHD5000GraphicsMTLDriver.bundle/Contents/MacOS/AppleIntelHD5000GraphicsMTLDriver
0x0000000197b55000 	/Library/Java/JavaVirtualMachines/jdk1.8.0_101.jdk/Contents/Home/jre/lib/libdcpr.dylib
0x0000000006a31000 	/System/Library/PrivateFrameworks/FinderKit.framework/Versions/A/FinderKit
0x0000000006a31000 	/System/Library/Frameworks/Quartz.framework/Versions/A/Frameworks/QuickLookUI.framework/Versions/A/QuickLookUI
0x0000000006a31000 	/System/Library/Frameworks/Quartz.framework/Versions/A/Frameworks/ImageKit.framework/Versions/A/ImageKit
0x0000000006a31000 	/System/Library/PrivateFrameworks/Bom.framework/Versions/A/Bom
0x0000000006a31000 	/System/Library/Frameworks/QuickLook.framework/Versions/A/QuickLook
0x0000000006a31000 	/System/Library/PrivateFrameworks/Suggestions.framework/Versions/A/Suggestions
0x0000000006a31000 	/System/Library/PrivateFrameworks/AppleSystemInfo.framework/Versions/A/AppleSystemInfo
0x0000000006a31000 	/System/Library/Frameworks/ImageCaptureCore.framework/Versions/A/ImageCaptureCore
0x0000000006a31000 	/System/Library/PrivateFrameworks/SafariServices.framework/Versions/A/SafariServices
0x0000000006a31000 	/usr/lib/libspindump.dylib
0x0000000006a31000 	/System/Library/Frameworks/QTKit.framework/Versions/A/QTKit
0x0000000006a31000 	/System/Library/Frameworks/AVFoundation.framework/Versions/A/AVFoundation
0x0000000006a31000 	/System/Library/Frameworks/CoreMedia.framework/Versions/A/CoreMedia
0x0000000006a31000 	/System/Library/Frameworks/MediaToolbox.framework/Versions/A/MediaToolbox
0x0000000006a31000 	/System/Library/Frameworks/VideoToolbox.framework/Versions/A/VideoToolbox
0x0000000006a31000 	/System/Library/PrivateFrameworks/CoreMediaAuthoring.framework/Versions/A/CoreMediaAuthoring
0x0000000006a31000 	/System/Library/Frameworks/CoreMediaIO.framework/Versions/A/CoreMediaIO
0x0000000006a31000 	/System/Library/Frameworks/AVFoundation.framework/Versions/A/Resources/libAVFAudio.dylib
0x0000000006a31000 	/System/Library/PrivateFrameworks/CoreAVCHD.framework/Versions/A/CoreAVCHD
0x0000000006a31000 	/System/Library/Frameworks/MediaAccessibility.framework/Versions/A/MediaAccessibility
0x0000000006a31000 	/System/Library/PrivateFrameworks/Mangrove.framework/Versions/A/Mangrove
0x0000000006a31000 	/System/Library/PrivateFrameworks/CoreAUC.framework/Versions/A/CoreAUC
0x0000000006a31000 	/System/Library/PrivateFrameworks/AppleVA.framework/Versions/A/AppleVA
0x0000000006a31000 	/System/Library/PrivateFrameworks/XPCService.framework/Versions/A/XPCService
0x0000000006a31000 	/System/Library/PrivateFrameworks/AppSandbox.framework/Versions/A/AppSandbox
0x0000000006a31000 	/usr/lib/libsandbox.1.dylib
0x0000000006a31000 	/usr/lib/libMatch.1.dylib
0x0000000006a31000 	/System/Library/PrivateFrameworks/DisplayServices.framework/Versions/A/DisplayServices
0x0000000006a31000 	/System/Library/Frameworks/Quartz.framework/Versions/A/Frameworks/PDFKit.framework/Versions/A/PDFKit
0x0000000006a31000 	/System/Library/Frameworks/Quartz.framework/Versions/A/Frameworks/QuartzComposer.framework/Versions/A/QuartzComposer
0x0000000006a31000 	/System/Library/Frameworks/Quartz.framework/Versions/A/Frameworks/QuartzFilters.framework/Versions/A/QuartzFilters
0x0000000006a31000 	/System/Library/PrivateFrameworks/CorePDF.framework/Versions/A/CorePDF
0x0000000006a31000 	/System/Library/Frameworks/JavaScriptCore.framework/Versions/A/JavaScriptCore
0x0000000006a31000 	/System/Library/PrivateFrameworks/AppleFSCompression.framework/Versions/A/AppleFSCompression
0x0000000006a31000 	/System/Library/Frameworks/AddressBook.framework/Versions/A/AddressBook
0x0000000006a31000 	/System/Library/PrivateFrameworks/ContactsPersistence.framework/Versions/A/ContactsPersistence
0x0000000006a31000 	/System/Library/PrivateFrameworks/ContactsFoundation.framework/Versions/A/ContactsFoundation
0x0000000006a31000 	/System/Library/PrivateFrameworks/vCard.framework/Versions/A/vCard
0x0000000006a31000 	/System/Library/PrivateFrameworks/IntlPreferences.framework/Versions/A/IntlPreferences
0x0000000006a31000 	/System/Library/PrivateFrameworks/ToneLibrary.framework/Versions/A/ToneLibrary
0x0000000006a31000 	/System/Library/PrivateFrameworks/ToneKit.framework/Versions/A/ToneKit
0x0000000006a31000 	/System/Library/PrivateFrameworks/ApplePushService.framework/Versions/A/ApplePushService
0x0000000006a31000 	/System/Library/Frameworks/SecurityInterface.framework/Versions/A/SecurityInterface
0x0000000006a31000 	/System/Library/PrivateFrameworks/PhoneNumbers.framework/Versions/A/PhoneNumbers
0x0000000006a31000 	/System/Library/PrivateFrameworks/ViewBridge.framework/Versions/A/ViewBridge
0x0000000006a31000 	/System/Library/Frameworks/Quartz.framework/Versions/A/Quartz
0x0000000006a31000 	/System/Library/PrivateFrameworks/CloudDocs.framework/Versions/A/CloudDocs
0x0000000006a31000 	/System/Library/PrivateFrameworks/CoreDuet.framework/Versions/A/CoreDuet
0x0000000006a31000 	/System/Library/Frameworks/CloudKit.framework/Versions/A/CloudKit
0x0000000006a31000 	/System/Library/PrivateFrameworks/ProtocolBuffer.framework/Versions/A/ProtocolBuffer
0x0000000006a31000 	/System/Library/PrivateFrameworks/CoreDuetDaemonProtocol.framework/Versions/A/CoreDuetDaemonProtocol
0x0000000006a31000 	/System/Library/PrivateFrameworks/CoreDuetDebugLogging.framework/Versions/A/CoreDuetDebugLogging
0x0000000006a31000 	/System/Library/PrivateFrameworks/MMCS.framework/Versions/A/MMCS
0x0000000006a31000 	/System/Library/Frameworks/CoreLocation.framework/Versions/A/CoreLocation
0x0000000006a31000 	/System/Library/PrivateFrameworks/AssetCacheServices.framework/Versions/A/AssetCacheServices
0x0000000006a31000 	/System/Library/PrivateFrameworks/GeoServices.framework/Versions/A/GeoServices
0x0000000006a31000 	/System/Library/PrivateFrameworks/PlugInKit.framework/Versions/A/PlugInKit
0x0000000006a31000 	/System/Library/PrivateFrameworks/CacheDelete.framework/Versions/A/CacheDelete
0x0000000123b52000 	/System/Library/Frameworks/Security.framework/PlugIns/csparser.bundle/Contents/MacOS/csparser
0x00000001a4c6f000 	/usr/lib/libgermantok.dylib
0x0000000006a31000 	/System/Library/PrivateFrameworks/DataDetectors.framework/Versions/A/DataDetectors
0x0000000006a31000 	/System/Library/Frameworks/WebKit.framework/Versions/A/WebKit
0x0000000006a31000 	/System/Library/Frameworks/WebKit.framework/Versions/A/Frameworks/WebKitLegacy.framework/Versions/A/WebKitLegacy
0x0000000006a31000 	/System/Library/Frameworks/WebKit.framework/Versions/A/Frameworks/WebCore.framework/Versions/A/WebCore
0x0000000006a31000 	/System/Library/PrivateFrameworks/Shortcut.framework/Versions/A/Shortcut
0x0000000006a31000 	/System/Library/PrivateFrameworks/HelpData.framework/Versions/A/HelpData
0x0000000006a31000 	/usr/lib/libtidy.A.dylib
0x0000000006a31000 	/System/Library/PrivateFrameworks/iLifeMediaBrowser.framework/Versions/A/iLifeMediaBrowser
0x0000000006a31000 	/System/Library/Frameworks/AVKit.framework/Versions/A/AVKit

VM Arguments:
jvm_args: -Djava.ext.dirs=/Users/gonciarz/Documents/MOSAIC/tools/Fiji/FijiJava8.app/java/macosx-java3d/Home/lib/ext:/Library/Java/JavaVirtualMachines/jdk1.8.0_101.jdk/Contents/Home/jre/jre/lib/ext:/Library/Java/JavaVirtualMachines/jdk1.8.0_101.jdk/Contents/Home/jre/lib/ext:/Library/Java/Extensions:/System/Library/Java/Extensions:/System/Library/Frameworks/JavaVM.framework/Home/lib/ext -Dpython.cachedir.skip=true -Dplugins.dir=/Users/gonciarz/Documents/MOSAIC/tools/Fiji/FijiJava8.app -Xmx4618m -Xincgc -XX:PermSize=128m -Dlog4j.configuration=file:./log4j.properties -Dscijava.log.level=e -Dimagej.dir=/Users/gonciarz/Documents/MOSAIC/tools/Fiji/FijiJava8.app -Dij.dir=/Users/gonciarz/Documents/MOSAIC/tools/Fiji/FijiJava8.app -Dfiji.dir=/Users/gonciarz/Documents/MOSAIC/tools/Fiji/FijiJava8.app -Dfiji.executable=/Users/gonciarz/Documents/MOSAIC/tools/Fiji/FijiJava8.app/Contents/MacOS/ImageJ-macosx -Dij.executable=/Users/gonciarz/Documents/MOSAIC/tools/Fiji/FijiJava8.app/Contents/MacOS/ImageJ-macosx -Djava.library.path=/Users/gonciarz/Documents/MOSAIC/tools/Fiji/FijiJava8.app/lib/macosx:/Users/gonciarz/Documents/MOSAIC/tools/Fiji/FijiJava8.app/mm/macosx 
java_command: net.imagej.launcher.ClassLauncher -ijjarpath jars -ijjarpath plugins net.imagej.Main
java_class_path (initial): /Users/gonciarz/Documents/MOSAIC/tools/Fiji/FijiJava8.app/jars/imagej-launcher-4.0.5.jar
Launcher Type: SUN_STANDARD

Environment Variables:
JAVA_HOME=/Library/Java/JavaVirtualMachines/jdk1.8.0_101.jdk/Contents/Home
PATH=/Users/gonciarz/.sdkman/candidates/kotlin/current/bin:/Developer/NVIDIA/CUDA-8.0/bin:/Users/gonciarz/Documents/MOSAIC/tools/gradle/bin:/Users/gonciarz/Documents/MOSAIC/tools/libs/openmpi/bin:/usr/local/bin:/usr/bin:/bin:/usr/sbin:/sbin:/opt/X11/bin:/Library/TeX/texbin:~/bin:/Applications/CMake.app/Contents/bin:/usr/local/sbin:/usr/local/opt/go/libexec/bin:/Users/gonciarz/Documents/MOSAIC/bin
SHELL=/bin/bash
DISPLAY=/private/tmp/com.apple.launchd.oR1jTshWb0/org.macosforge.xquartz:0
DYLD_LIBRARY_PATH=/Users/gonciarz/Documents/MOSAIC/tools/Fiji/FijiJava8.app/lib/macosx:/Users/gonciarz/Documents/MOSAIC/tools/Fiji/FijiJava8.app/mm/macosx

Signal Handlers:
SIGSEGV: [libjvm.dylib+0x5af145], sa_mask[0]=11111111011111110111111111111111, sa_flags=SA_ONSTACK|SA_RESTART|SA_SIGINFO
SIGBUS: [libjvm.dylib+0x5af145], sa_mask[0]=11111111011111110111111111111111, sa_flags=SA_RESTART|SA_SIGINFO
SIGFPE: [libjvm.dylib+0x48694c], sa_mask[0]=11111111011111110111111111111111, sa_flags=SA_RESTART|SA_SIGINFO
SIGPIPE: [libjvm.dylib+0x48694c], sa_mask[0]=11111111011111110111111111111111, sa_flags=SA_RESTART|SA_SIGINFO
SIGXFSZ: [libjvm.dylib+0x48694c], sa_mask[0]=11111111011111110111111111111111, sa_flags=SA_RESTART|SA_SIGINFO
SIGILL: [libjvm.dylib+0x48694c], sa_mask[0]=11111111011111110111111111111111, sa_flags=SA_RESTART|SA_SIGINFO
SIGUSR1: SIG_DFL, sa_mask[0]=11011111011111100000000111000110, sa_flags=none
SIGUSR2: [libjvm.dylib+0x48646a], sa_mask[0]=00000000000000000000000000000000, sa_flags=SA_RESTART|SA_SIGINFO
SIGHUP: [libjvm.dylib+0x484a41], sa_mask[0]=11111111011111110111111111111111, sa_flags=SA_RESTART|SA_SIGINFO
SIGINT: [libjvm.dylib+0x484a41], sa_mask[0]=11111111011111110111111111111111, sa_flags=SA_RESTART|SA_SIGINFO
SIGTERM: [libjvm.dylib+0x484a41], sa_mask[0]=11111111011111110111111111111111, sa_flags=SA_RESTART|SA_SIGINFO
SIGQUIT: [libjvm.dylib+0x484a41], sa_mask[0]=11111111011111110111111111111111, sa_flags=SA_RESTART|SA_SIGINFO


---------------  S Y S T E M  ---------------

OS:Bsduname:Darwin 15.6.0 Darwin Kernel Version 15.6.0: Mon Aug 29 20:21:34 PDT 2016; root:xnu-3248.60.11~1/RELEASE_X86_64 x86_64
rlimit: STACK 8192k, CORE 0k, NPROC 709, NOFILE 10240, AS infinity
load average:3.21 1.89 1.77

CPU:total 8 (4 cores per cpu, 2 threads per core) family 6 model 70 stepping 1, cmov, cx8, fxsr, mmx, sse, sse2, sse3, ssse3, sse4.1, sse4.2, popcnt, avx, avx2, aes, clmul, erms, rtm, lzcnt, ht, tsc, tscinvbit, bmi1, bmi2

Memory: 4k page, physical 16777216k(4171276k free)

/proc/meminfo:


vm_info: Java HotSpot(TM) 64-Bit Server VM (25.101-b13) for bsd-amd64 JRE (1.8.0_101-b13), built on Jun 22 2016 02:42:15 by "java_re" with gcc 4.2.1 (Based on Apple Inc. build 5658) (LLVM build 2336.11.00)

time: Wed Sep 21 11:03:17 2016
elapsed time: 29866 seconds (0d 8h 17m 46s)

