This is pdfTeX, Version 3.1415926-1.40.10 (TeX Live 2009/Debian) (format=latex 2010.8.28)  21 NOV 2010 17:18
entering extended mode
 restricted \write18 enabled.
 %&-line parsing enabled.
**\input PSFtool.tex
(./PSFtool.tex (/usr/share/texmf-texlive/tex/latex/base/article.cls
Document Class: article 2007/10/19 v1.4h Standard LaTeX document class
(/usr/share/texmf-texlive/tex/latex/base/size12.clo
File: size12.clo 2007/10/19 v1.4h Standard LaTeX file (size option)
)
\c@part=\count79
\c@section=\count80
\c@subsection=\count81
\c@subsubsection=\count82
\c@paragraph=\count83
\c@subparagraph=\count84
\c@figure=\count85
\c@table=\count86
\abovecaptionskip=\skip41
\belowcaptionskip=\skip42
\bibindent=\dimen102
)
(/usr/share/texmf-texlive/tex/latex/graphics/graphicx.sty
Package: graphicx 1999/02/16 v1.0f Enhanced LaTeX Graphics (DPC,SPQR)

(/usr/share/texmf-texlive/tex/latex/graphics/keyval.sty
Package: keyval 1999/03/16 v1.13 key=value parser (DPC)
\KV@toks@=\toks14
)
(/usr/share/texmf-texlive/tex/latex/graphics/graphics.sty
Package: graphics 2009/02/05 v1.0o Standard LaTeX Graphics (DPC,SPQR)

(/usr/share/texmf-texlive/tex/latex/graphics/trig.sty
Package: trig 1999/03/16 v1.09 sin cos tan (DPC)
)
(/etc/texmf/tex/latex/config/graphics.cfg
File: graphics.cfg 2009/08/28 v1.8 graphics configuration of TeX Live
)
Package graphics Info: Driver file: dvips.def on input line 91.

(/usr/share/texmf-texlive/tex/latex/graphics/dvips.def
File: dvips.def 1999/02/16 v3.0i Driver-dependant file (DPC,SPQR)
))
\Gin@req@height=\dimen103
\Gin@req@width=\dimen104
) (./PSFtool.aux
(./tutorial.aux))
\openout1 = `PSFtool.aux'.

LaTeX Font Info:    Checking defaults for OML/cmm/m/it on input line 4.
LaTeX Font Info:    ... okay on input line 4.
LaTeX Font Info:    Checking defaults for T1/cmr/m/n on input line 4.
LaTeX Font Info:    ... okay on input line 4.
LaTeX Font Info:    Checking defaults for OT1/cmr/m/n on input line 4.
LaTeX Font Info:    ... okay on input line 4.
LaTeX Font Info:    Checking defaults for OMS/cmsy/m/n on input line 4.
LaTeX Font Info:    ... okay on input line 4.
LaTeX Font Info:    Checking defaults for OMX/cmex/m/n on input line 4.
LaTeX Font Info:    ... okay on input line 4.
LaTeX Font Info:    Checking defaults for U/cmr/m/n on input line 4.
LaTeX Font Info:    ... okay on input line 4.


! LaTeX Error: Cannot determine size of graphic in psfplot3.jpg (no BoundingBox
).

See the LaTeX manual or LaTeX Companion for explanation.
Type  H <return>  for immediate help.
 ...                                              
                                                  
l.28     \includegraphics[scale=0.5]{psfplot3.jpg}
                                                  
Try typing  <return>  to proceed.
If that doesn't work, type  X <return>  to quit.

File: psfplot3.jpg Graphic file (type eps)
<psfplot3.jpg> [1

]
\openout2 = `tutorial.aux'.

 (./tutorial.tex
LaTeX Font Info:    External font `cmex10' loaded for size
(Font)              <12> on input line 2.
LaTeX Font Info:    External font `cmex10' loaded for size
(Font)              <8> on input line 2.
LaTeX Font Info:    External font `cmex10' loaded for size
(Font)              <6> on input line 2.

Overfull \hbox (6.79999pt too wide) in paragraph at lines 2--3
[] 
 []

[1

]
LaTeX Font Info:    Try loading font information for OMS+cmr on input line 16.
 (/usr/share/texmf-texlive/tex/latex/base/omscmr.fd
File: omscmr.fd 1999/05/25 v2.5h Standard LaTeX font definitions
)
LaTeX Font Info:    Font shape `OMS/cmr/m/n' in size <12> not available
(Font)              Font shape `OMS/cmsy/m/n' tried instead on input line 16.

Underfull \hbox (badness 10000) in paragraph at lines 16--17

 []


Underfull \hbox (badness 10000) in paragraph at lines 17--18

 []


Underfull \hbox (badness 10000) in paragraph at lines 18--19

 []


Underfull \hbox (badness 10000) in paragraph at lines 19--20

 []


! LaTeX Error: Cannot determine size of graphic in config.jpg (no BoundingBox).


See the LaTeX manual or LaTeX Companion for explanation.
Type  H <return>  for immediate help.
 ...                                              
                                                  
l.34 \includegraphics[scale=0.7]{config.jpg}
                                            
Try typing  <return>  to proceed.
If that doesn't work, type  X <return>  to quit.

File: config.jpg Graphic file (type eps)
<config.jpg>
Overfull \hbox (2.61455pt too wide) in paragraph at lines 40--41
[]\OT1/cmr/m/n/12 The ap-par-ent ra-dius of the point sources
 []

[2]
Overfull \hbox (0.84949pt too wide) in paragraph at lines 52--53
[]\OT1/cmr/m/n/12 Starts a new se-lec-tion of point sources. Once pressed,
 []


Overfull \hbox (0.41791pt too wide) in paragraph at lines 53--55
[]\OT1/cmr/m/n/12 Enhances Im-age Con-trast by lin-early re-scaling all pixel
 []

[3]
Overfull \hbox (9.84674pt too wide) in paragraph at lines 60--61
[]\OT1/cmr/m/n/12 Estimates the Point Spread Func-tion from all se-lected sourc
es. 
 []


! LaTeX Error: Cannot determine size of graphic in gui.jpg (no BoundingBox).

See the LaTeX manual or LaTeX Companion for explanation.
Type  H <return>  for immediate help.
 ...                                              
                                                  
l.65 \includegraphics[scale=0.6]{gui.jpg}
                                         
Try typing  <return>  to proceed.
If that doesn't work, type  X <return>  to quit.

File: gui.jpg Graphic file (type eps)
<gui.jpg>

! LaTeX Error: Cannot determine size of graphic in psfplot.jpg (no BoundingBox)
.

See the LaTeX manual or LaTeX Companion for explanation.
Type  H <return>  for immediate help.
 ...                                              
                                                  
l.73     \includegraphics[scale=0.6]{psfplot.jpg}
                                                 
Try typing  <return>  to proceed.
If that doesn't work, type  X <return>  to quit.

File: psfplot.jpg Graphic file (type eps)
<psfplot.jpg>

! LaTeX Error: Cannot determine size of graphic in selection.jpg (no BoundingBo
x).

See the LaTeX manual or LaTeX Companion for explanation.
Type  H <return>  for immediate help.
 ...                                              
                                                  
l.84 \includegraphics[scale=0.5]{selection.jpg}
                                               }
Try typing  <return>  to proceed.
If that doesn't work, type  X <return>  to quit.

File: selection.jpg Graphic file (type eps)
<selection.jpg>

LaTeX Warning: `h' float specifier changed to `ht'.

[4]) [5] (./PSFtool.aux (./tutorial.aux)) ) 
Here is how much of TeX's memory you used:
 585 strings out of 495022
 6916 string characters out of 1181058
 57656 words of memory out of 3000000
 3816 multiletter control sequences out of 15000+50000
 8709 words of font info for 31 fonts, out of 3000000 for 9000
 28 hyphenation exceptions out of 8191
 25i,5n,20p,2290b,379s stack positions out of 5000i,500n,10000p,200000b,50000s

Output written on PSFtool.dvi (6 pages, 15700 bytes).
